[6580:296:0102/034633.885:INFO:components\enterprise\browser\controller\chrome_browser_cloud_management_controller.cc:206] No machine level policy manager exists.
[6580:296:0102/034633.911:WARNING:chrome\browser\extensions\extension_service.cc:429] --disable-extensions-except is not allowed in Google Chrome, ignoring.
[6580:296:0102/034633.913:WARNING:chrome\browser\chrome_browser_main_win.cc:787] Command line too long for RegisterApplicationRestart:  --allow-insecure-localhost --allow-pre-commit-input --allow-running-insecure-content --disable-background-networking --disable-background-timer-throttling --disable-backgrounding-occluded-windows --disable-blink-features=AutomationControlled --disable-client-side-phishing-detection --disable-default-apps --disable-dev-shm-usage --disable-extensions --disable-extensions-except --disable-features=IgnoreDuplicateNavs,Prewarm,VizDisplayCompositor,TranslateUI --disable-gpu --disable-hang-monitor --disable-ipc-flooding-protection --disable-notifications --disable-popup-blocking --disable-prompt-on-repost --disable-renderer-backgrounding --disable-site-isolation-trials --disable-sync --disable-web-security --enable-logging --ignore-certificate-errors --ignore-ssl-errors --log-level=0 --no-first-run --no-sandbox --no-service-autorun --password-store=basic --remote-allow-origins=* --remote-debugging-port=0 --start-maximized --test-type=webdriver --use-mock-keychain --user-agent="Mozilla/5.0 (Windows NT 10.0; Win64; x64) AppleWebKit/537.36 (KHTML, like Gecko) Chrome/131.0.0.0 Safari/537.36" --user-data-dir=C:/wd/Autok/browser_profiles/whatsapp --restore-last-session --restart
[13260:11128:0102/034633.992:VERBOSE1:components\viz\service\main\viz_main_impl.cc:86] VizNullHypothesis is disabled (not a warning)
[4908:8332:0102/034634.005:INFO:third_party\webrtc\rtc_base\cpu_info.cc:75] Available number of cores: 6
[11380:13164:0102/034634.188:INFO:third_party\webrtc\rtc_base\cpu_info.cc:75] Available number of cores: 6
[6288:10736:0102/034634.316:INFO:third_party\webrtc\rtc_base\cpu_info.cc:75] Available number of cores: 6
[2856:8760:0102/034634.332:INFO:third_party\webrtc\rtc_base\cpu_info.cc:75] Available number of cores: 6
[6580:296:0102/034634.672:INFO:CONSOLE:113] "Event handler of 'x-storagemutated-1' event must be added on the initial evaluation of worker script.", source: https://static.whatsapp.net/rsrc.php/v4/yH/r/sxej_bq7PGz.js (113)
[6580:296:0102/034634.965:INFO:CONSOLE:77] "ErrorUtils caught an error:

multiple-uim-roots

Subsequent non-fatal errors won't be logged; see https://fburl.com/debugjs. [object Object]", source: https://static.whatsapp.net/rsrc.php/v4/yP/r/UnXae5I7-4r.js (77)
[10128:12688:0102/034638.625:INFO:third_party\webrtc\rtc_base\cpu_info.cc:75] Available number of cores: 6
[6580:2168:0102/034638.672:ERROR:google_apis\gcm\engine\registration_request.cc:292] Registration response error message: DEPRECATED_ENDPOINT
[6580:296:0102/034639.218:INFO:CONSOLE:113] "Event handler of 'x-storagemutated-1' event must be added on the initial evaluation of worker script.", source: https://static.whatsapp.net/rsrc.php/v4/yH/r/sxej_bq7PGz.js (113)
[6580:2168:0102/034708.204:ERROR:google_apis\gcm\engine\registration_request.cc:292] Registration response error message: DEPRECATED_ENDPOINT
[6580:2168:0102/034754.590:ERROR:google_apis\gcm\engine\registration_request.cc:292] Registration response error message: DEPRECATED_ENDPOINT
[6580:2168:0102/034952.995:ERROR:google_apis\gcm\engine\registration_request.cc:292] Registration response error message: DEPRECATED_ENDPOINT
[6580:2168:0102/035305.973:ERROR:google_apis\gcm\engine\registration_request.cc:292] Registration response error message: DEPRECATED_ENDPOINT
[5920:9020:0102/035417.867:WARNING:net\extras\sqlite\sqlite_persistent_store_backend_base.cc:176] Failed to post task from FlushAndNotifyInBackground@net\extras\sqlite\sqlite_persistent_store_backend_base.cc:226 to client_task_runner_.
[5920:9020:0102/035417.867:WARNING:net\extras\sqlite\sqlite_persistent_store_backend_base.cc:176] Failed to post task from FlushAndNotifyInBackground@net\extras\sqlite\sqlite_persistent_store_backend_base.cc:226 to client_task_runner_.
