[7308:12732:1227/222658.374:INFO:components\enterprise\browser\controller\chrome_browser_cloud_management_controller.cc:206] No machine level policy manager exists.
[7308:12732:1227/222658.399:WARNING:chrome\browser\chrome_browser_main_win.cc:787] Command line too long for RegisterApplicationRestart:  --allow-insecure-localhost --allow-pre-commit-input --allow-running-insecure-content --disable-background-networking --disable-backgrounding-occluded-windows --disable-blink-features=AutomationControlled,AutomationControlled --disable-client-side-phishing-detection --disable-default-apps --disable-dev-shm-usage --disable-features=IgnoreDuplicateNavs,Prewarm,VizDisplayCompositor,IsolateOrigins,site-per-process --disable-gpu --disable-hang-monitor --disable-popup-blocking --disable-prompt-on-repost --disable-site-isolation-trials --disable-software-rasterizer --disable-sync --disable-web-security --enable-logging --ignore-certificate-errors --ignore-ssl-errors --log-level=0 --no-first-run --no-service-autorun --password-store=basic --remote-allow-origins=* --remote-debugging-port=0 --start-maximized --test-type=webdriver --use-mock-keychain --user-agent="Mozilla/5.0 (Windows NT 10.0; Win64; x64) AppleWebKit/537.36 (KHTML, like Gecko) Chrome/119.0.0.0 Safari/537.36" --user-data-dir="C:\wd\Autok\chrome_whatsapp" --restore-last-session --restart
[2360:11332:1227/222658.478:VERBOSE1:components\viz\service\main\viz_main_impl.cc:86] VizNullHypothesis is disabled (not a warning)
[2360:11332:1227/222658.482:ERROR:gpu\ipc\service\gpu_channel_manager.cc:911] ContextResult::kFatalFailure: Failed to create shared context for virtualization.
[1636:2596:1227/222658.546:INFO:third_party\webrtc\rtc_base\cpu_info.cc:75] Available number of cores: 6
[2360:11332:1227/222658.557:ERROR:gpu\ipc\service\gpu_channel_manager.cc:911] ContextResult::kFatalFailure: Failed to create shared context for virtualization.
[2360:11332:1227/222658.559:ERROR:gpu\ipc\service\gpu_channel_manager.cc:911] ContextResult::kFatalFailure: Failed to create shared context for virtualization.
[13264:6316:1227/222658.721:INFO:third_party\webrtc\rtc_base\cpu_info.cc:75] Available number of cores: 6
[12608:16144:1227/222658.811:INFO:third_party\webrtc\rtc_base\cpu_info.cc:75] Available number of cores: 6
[11376:14664:1227/222658.828:INFO:third_party\webrtc\rtc_base\cpu_info.cc:75] Available number of cores: 6
[7308:12732:1227/222659.177:INFO:CONSOLE:113] "Event handler of 'x-storagemutated-1' event must be added on the initial evaluation of worker script.", source: https://static.whatsapp.net/rsrc.php/v4/yw/r/wpTuuOEPLrn.js (113)
[7308:12732:1227/222659.502:INFO:CONSOLE:77] "ErrorUtils caught an error:

multiple-uim-roots

Subsequent non-fatal errors won't be logged; see https://fburl.com/debugjs. [object Object]", source: https://static.whatsapp.net/rsrc.php/v4/yP/r/UnXae5I7-4r.js (77)
[1620:8136:1227/222958.839:INFO:third_party\webrtc\rtc_base\cpu_info.cc:75] Available number of cores: 6
[7308:2244:1227/222958.880:ERROR:google_apis\gcm\engine\registration_request.cc:292] Registration response error message: DEPRECATED_ENDPOINT
[7308:12732:1227/222959.473:INFO:CONSOLE:113] "Event handler of 'x-storagemutated-1' event must be added on the initial evaluation of worker script.", source: https://static.whatsapp.net/rsrc.php/v4/yw/r/wpTuuOEPLrn.js (113)
[7308:2244:1227/223021.233:ERROR:google_apis\gcm\engine\registration_request.cc:292] Registration response error message: DEPRECATED_ENDPOINT
[7308:2244:1227/223115.179:ERROR:google_apis\gcm\engine\registration_request.cc:292] Registration response error message: DEPRECATED_ENDPOINT
[7308:2244:1227/223255.434:ERROR:google_apis\gcm\engine\registration_request.cc:292] Registration response error message: DEPRECATED_ENDPOINT
[7308:2244:1227/223539.422:ERROR:google_apis\gcm\engine\registration_request.cc:292] Registration response error message: DEPRECATED_ENDPOINT
[9192:1144:1227/224029.945:WARNING:net\extras\sqlite\sqlite_persistent_store_backend_base.cc:176] Failed to post task from FlushAndNotifyInBackground@net\extras\sqlite\sqlite_persistent_store_backend_base.cc:226 to client_task_runner_.
[9192:1144:1227/224029.945:WARNING:net\extras\sqlite\sqlite_persistent_store_backend_base.cc:176] Failed to post task from FlushAndNotifyInBackground@net\extras\sqlite\sqlite_persistent_store_backend_base.cc:226 to client_task_runner_.
